[debug] [2025-01-18T15:52:47.301Z] ----------------------------------------------------------------------
[debug] [2025-01-18T15:52:47.303Z] Command:       C:\Program Files\nodejs\node.exe C:\Users\Barış\AppData\Roaming\npm\node_modules\firebase-tools\lib\bin\firebase.js init
[debug] [2025-01-18T15:52:47.303Z] CLI Version:   13.29.1
[debug] [2025-01-18T15:52:47.303Z] Platform:      win32
[debug] [2025-01-18T15:52:47.303Z] Node Version:  v22.12.0
[debug] [2025-01-18T15:52:47.304Z] Time:          Sat Jan 18 2025 18:52:47 GMT+0300 (GMT+03:00)
[debug] [2025-01-18T15:52:47.304Z] ----------------------------------------------------------------------
[debug] 
[debug] [2025-01-18T15:52:47.306Z] >>> [apiv2][query] GET https://firebase-public.firebaseio.com/cli.json [none]
[debug] [2025-01-18T15:52:47.388Z] > command requires scopes: ["email","openid","https://www.googleapis.com/auth/cloudplatformprojects.readonly","https://www.googleapis.com/auth/firebase","https://www.googleapis.com/auth/cloud-platform"]
[debug] [2025-01-18T15:52:47.388Z] > authorizing via signed-in user (barismengi@gmail.com)
[info] 
     ######## #### ########  ######## ########     ###     ######  ########
     ##        ##  ##     ## ##       ##     ##  ##   ##  ##       ##
     ######    ##  ########  ######   ########  #########  ######  ######
     ##        ##  ##    ##  ##       ##     ## ##     ##       ## ##
     ##       #### ##     ## ######## ########  ##     ##  ######  ########

You're about to initialize a Firebase project in this directory:

  C:\

Before we get started, keep in mind:

  * You are currently outside your home directory
  * You are initializing within an existing Firebase project directory

[debug] [2025-01-18T15:52:47.793Z] <<< [apiv2][status] GET https://firebase-public.firebaseio.com/cli.json 200
[debug] [2025-01-18T15:52:47.793Z] <<< [apiv2][body] GET https://firebase-public.firebaseio.com/cli.json {"cloudBuildErrorAfter":1594252800000,"cloudBuildWarnAfter":1590019200000,"defaultNode10After":1594252800000,"minVersion":"3.0.5","node8DeploysDisabledAfter":1613390400000,"node8RuntimeDisabledAfter":1615809600000,"node8WarnAfter":1600128000000}
[info] 
=== Project Setup
[info] 
[info] First, let's associate this project directory with a Firebase project.
[info] You can create multiple project aliases by running firebase use --add, 
[info] but for now we'll just set up a default project.
[info] 
[debug] [2025-01-18T15:53:42.944Z] Using project from CLI flag: ogrenciyon1
[debug] [2025-01-18T15:53:42.945Z] Checked if tokens are valid: false, expires at: 1737065366904
[debug] [2025-01-18T15:53:42.945Z] Checked if tokens are valid: false, expires at: 1737065366904
[debug] [2025-01-18T15:53:42.945Z] > refreshing access token with scopes: []
[debug] [2025-01-18T15:53:42.946Z] >>> [apiv2][query] POST https://www.googleapis.com/oauth2/v3/token [none]
[debug] [2025-01-18T15:53:42.946Z] >>> [apiv2][body] POST https://www.googleapis.com/oauth2/v3/token [omitted]
[debug] [2025-01-18T15:53:43.143Z] <<< [apiv2][status] POST https://www.googleapis.com/oauth2/v3/token 200
[debug] [2025-01-18T15:53:43.143Z] <<< [apiv2][body] POST https://www.googleapis.com/oauth2/v3/token [omitted]
[debug] [2025-01-18T15:53:43.150Z] >>> [apiv2][query] GET https://firebase.googleapis.com/v1beta1/projects/ogrenciyon1 [none]
[debug] [2025-01-18T15:53:43.545Z] <<< [apiv2][status] GET https://firebase.googleapis.com/v1beta1/projects/ogrenciyon1 200
[debug] [2025-01-18T15:53:43.545Z] <<< [apiv2][body] GET https://firebase.googleapis.com/v1beta1/projects/ogrenciyon1 {"projectId":"ogrenciyon1","projectNumber":"215175339857","displayName":"ogrenciyonet","name":"projects/ogrenciyon1","resources":{"hostingSite":"ogrenciyon1"},"state":"ACTIVE","etag":"1_2d74f45b-a162-48cc-ac2f-31aa487cd4eb"}
[info] i  Using project ogrenciyon1 (ogrenciyonet) 
[info] 
=== Hosting Setup
[debug] [2025-01-18T15:53:43.550Z] Checked if tokens are valid: true, expires at: 1737219222143
[debug] [2025-01-18T15:53:43.550Z] Checked if tokens are valid: true, expires at: 1737219222143
[debug] [2025-01-18T15:53:43.550Z] >>> [apiv2][query] GET https://firebase.googleapis.com/v1beta1/projects/ogrenciyon1 [none]
[debug] [2025-01-18T15:53:43.801Z] <<< [apiv2][status] GET https://firebase.googleapis.com/v1beta1/projects/ogrenciyon1 200
[debug] [2025-01-18T15:53:43.801Z] <<< [apiv2][body] GET https://firebase.googleapis.com/v1beta1/projects/ogrenciyon1 {"projectId":"ogrenciyon1","projectNumber":"215175339857","displayName":"ogrenciyonet","name":"projects/ogrenciyon1","resources":{"hostingSite":"ogrenciyon1"},"state":"ACTIVE","etag":"1_2d74f45b-a162-48cc-ac2f-31aa487cd4eb"}
[info] 
[info] Your public directory is the folder (relative to your project directory) that
[info] will contain Hosting assets to be uploaded with firebase deploy. If you
[info] have a build process for your assets, use your build's output directory.
[info] 
[debug] [2025-01-18T15:53:50.334Z] >>> [apiv2][query] GET https://www.gstatic.com/firebasejs/releases.json [none]
[debug] [2025-01-18T15:53:50.499Z] <<< [apiv2][status] GET https://www.gstatic.com/firebasejs/releases.json 200
[debug] [2025-01-18T15:53:50.499Z] <<< [apiv2][body] GET https://www.gstatic.com/firebasejs/releases.json {"current":{"version":"11.2.0","browserURL":"https://www.gstatic.com/firebasejs/11.2.0/firebase.js","packageURL":"https://www.gstatic.com/firebasejs/11.2.0/firebase.tgz"},"live":{"version":"11.2","browserURL":"https://www.gstatic.com/firebasejs/live/11.2/firebase.js","packageURL":"https://www.gstatic.com/firebasejs/live/11.2/firebase.tgz"},"components":{"analytics":"https://www.gstatic.com/firebasejs/11.2.0/firebase-analytics.js","app":"https://www.gstatic.com/firebasejs/11.2.0/firebase-app.js","app-check":"https://www.gstatic.com/firebasejs/11.2.0/firebase-app-check.js","auth":"https://www.gstatic.com/firebasejs/11.2.0/firebase-auth.js","auth/cordova":"https://www.gstatic.com/firebasejs/11.2.0/firebase-auth/cordova.js","auth/web-extension":"https://www.gstatic.com/firebasejs/11.2.0/firebase-auth/web-extension.js","functions":"https://www.gstatic.com/firebasejs/11.2.0/firebase-functions.js","firestore":"https://www.gstatic.com/firebasejs/11.2.0/firebase-firestore.js","firestore/lite":"https://www.gstatic.com/firebasejs/11.2.0/firebase-firestore/lite.js","installations":"https://www.gstatic.com/firebasejs/11.2.0/firebase-installations.js","storage":"https://www.gstatic.com/firebasejs/11.2.0/firebase-storage.js","performance":"https://www.gstatic.com/firebasejs/11.2.0/firebase-performance.js","remote-config":"https://www.gstatic.com/firebasejs/11.2.0/firebase-remote-config.js","messaging":"https://www.gstatic.com/firebasejs/11.2.0/firebase-messaging.js","messaging/sw":"https://www.gstatic.com/firebasejs/11.2.0/firebase-messaging/sw.js","database":"https://www.gstatic.com/firebasejs/11.2.0/firebase-database.js","vertexai":"https://www.gstatic.com/firebasejs/11.2.0/firebase-vertexai.js","data-connect":"https://www.gstatic.com/firebasejs/11.2.0/firebase-data-connect.js","firestore.memory":"https://www.gstatic.com/firebasejs/11.2.0/firebase-firestore.memory.js"}}
[info] +  Wrote public/index.html 
[info] 
[info] i  Didn't detect a .git folder. Assuming C:\firedenart is the project root. 
[info] i  Authorizing with GitHub to upload your service account to a GitHub repository's secrets store. 
[info] 
[info] Visit this URL on this device to log in:
[info] https://github.com/login/oauth/authorize?client_id=89cf50f02ac6aaed3484&state=526916372&redirect_uri=http%3A%2F%2Flocalhost%3A9005&scope=read%3Auser%20repo%20public_repo
[info] 
[info] Waiting for authentication...
[debug] [2025-01-18T15:53:53.792Z] >>> [apiv2][query] POST https://github.com/login/oauth/access_token [none]
[debug] [2025-01-18T15:53:53.792Z] >>> [apiv2][body] POST https://github.com/login/oauth/access_token [stream]
[debug] [2025-01-18T15:53:54.083Z] <<< [apiv2][status] POST https://github.com/login/oauth/access_token 200
[debug] [2025-01-18T15:53:54.083Z] <<< [apiv2][body] POST https://github.com/login/oauth/access_token {"access_token":"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","token_type":"bearer","scope":"read:user,repo"}
[debug] [2025-01-18T15:53:54.086Z] >>> [apiv2][query] GET https://api.github.com/user [none]
[debug] [2025-01-18T15:53:54.462Z] <<< [apiv2][status] GET https://api.github.com/user 200
[debug] [2025-01-18T15:53:54.462Z] <<< [apiv2][body] GET https://api.github.com/user {"login":"Baros963","id":195343341,"node_id":"U_kgDOC6Sz7Q","avatar_url":"https://avatars.githubusercontent.com/u/195343341?v=4","gravatar_id":"","url":"https://api.github.com/users/Baros963","html_url":"https://github.com/Baros963","followers_url":"https://api.github.com/users/Baros963/followers","following_url":"https://api.github.com/users/Baros963/following{/other_user}","gists_url":"https://api.github.com/users/Baros963/gists{/gist_id}","starred_url":"https://api.github.com/users/Baros963/starred{/owner}{/repo}","subscriptions_url":"https://api.github.com/users/Baros963/subscriptions","organizations_url":"https://api.github.com/users/Baros963/orgs","repos_url":"https://api.github.com/users/Baros963/repos","events_url":"https://api.github.com/users/Baros963/events{/privacy}","received_events_url":"https://api.github.com/users/Baros963/received_events","type":"User","user_view_type":"private","site_admin":false,"name":null,"company":null,"blog":"","location":null,"email":null,"hireable":null,"bio":null,"twitter_username":null,"notification_email":null,"public_repos":1,"public_gists":0,"followers":0,"following":0,"created_at":"2025-01-16T18:24:47Z","updated_at":"2025-01-18T13:48:15Z","private_gists":0,"total_private_repos":0,"owned_private_repos":0,"disk_usage":0,"collaborators":0,"two_factor_authentication":false,"plan":{"name":"free","space":976562499,"collaborators":0,"private_repos":10000}}
[info] 
[info] +  Success! Logged into GitHub as Baros963 
[info] 
[debug] [2025-01-18T15:56:15.913Z] >>> [apiv2][query] GET https://api.github.com/repos/s/actions/secrets/public-key type=owner
[debug] [2025-01-18T15:56:16.167Z] <<< [apiv2][status] GET https://api.github.com/repos/s/actions/secrets/public-key 404
[debug] [2025-01-18T15:56:16.167Z] <<< [apiv2][body] GET https://api.github.com/repos/s/actions/secrets/public-key {"message":"Not Found","documentation_url":"https://docs.github.com/rest","status":"404"}
[info] 
[info] 
[error] !  The provided authorization cannot be used with this repository. If this repository is in an organization, did you remember to grant access? 
[info] 
[info] i  Action required: Visit this URL to ensure access has been granted to the appropriate organization(s) for the Firebase CLI GitHub OAuth App: 
[info] https://github.com/settings/connections/applications/89cf50f02ac6aaed3484
[info] 
